Arguments: 
  C:\Program Files\nodejs\node.exe C:\Program Files (x86)\Yarn\bin\yarn.js

PATH: 
  C:\Program Files\Git\mingw64\bin;C:\Program Files\Git\usr\bin;C:\Users\USUARIO\bin;C:\WINDOWS\system32;C:\WINDOWS;C:\WINDOWS\System32\Wbem;C:\WINDOWS\System32\WindowsPowerShell\v1.0;C:\WINDOWS\System32\OpenSSH;C:\Program Files\nodejs;C:\Program Files\Git\cmd;C:\Program Files (x86)\Yarn\bin;C:\Users\USUARIO\AppData\Local\Microsoft\WindowsApps;C:\Users\USUARIO\AppData\Local\Programs\Microsoft VS Code\bin;C:\Users\USUARIO\AppData\Roaming\npm;C:\Users\USUARIO\AppData\Local\Yarn\bin

Yarn version: 
  1.22.5

Node version: 
  12.19.0

Platform: 
  win32 x64

Trace: 
  SyntaxError: C:\Users\USUARIO\Documents\Wonder\For_Post\Graphql-typescript-postgresql\package.json: Unexpected token < in JSON at position 812
      at JSON.parse (<anonymous>)
      at C:\Program Files (x86)\Yarn\lib\cli.js:1625:59
      at Generator.next (<anonymous>)
      at step (C:\Program Files (x86)\Yarn\lib\cli.js:310:30)
      at C:\Program Files (x86)\Yarn\lib\cli.js:321:13

npm manifest: 
  {
    "name": "Graphql-typescript-postgresql",
    "version": "1.0.0",
    "main": "index.js",
    "license": "MIT",
    "scripts": {
      "dev": "concurrently \" nodemon ./dist/bundle.js \" \" webpack --watch --config webpack.config.js\" ",
      "build": "webpack",
      "test:integration": "jest /src -c  jest.config.js --forceExit ",
      "start": "node /dist/bundle.js",
      "migrate:up": "knex --knexfile ./src/database/knexfile.ts migrate:latest ",
      "test:migrate:up": "knex --knexfile ./src/database/knexfile.ts migrate:latest --env testing",
      "test:migrate:down": "knex --knexfile ./src/database/knexfile.ts migrate:down --env testing",
      "generate:types": "graphql-codegen --config codegen.yml",
      "test:seed-db": "knex --knexfile ./src/database/knexfile.ts seed:run --env testing"
    },
    "dependencies": {
  <<<<<<< HEAD
      "apollo-server-express": "^2.16.1",
      "apollo-server-testing": "^2.16.1",
  =======
      "apollo-server-express": "^2.14.2",
  >>>>>>> 39c773ee1b2f4657384a929c8a505e3b0d9fcb3a
      "body-parser": "^1.19.0",
      "dataloader": "^2.0.0",
      "express": "^4.17.1",
      "graphql": "^15.0.0",
      "graphql-tools": "^6.0.0",
      "knex": "^0.21.1",
      "objection": "^2.1.3",
      "pg": "^8.2.0"
    },
    "devDependencies": {
      "@graphql-codegen/cli": "1.14.0",
      "@graphql-codegen/typescript": "1.14.0",
      "@graphql-codegen/typescript-operations": "^1.14.0",
      "@graphql-codegen/typescript-resolvers": "1.14.0",
      "@jagi/jest-transform-graphql": "^1.0.2",
      "@types/express": "^4.17.6",
      "@types/graphql": "^14.5.0",
      "@types/jest": "^26.0.3",
      "@types/mock-knex": "^0.4.3",
      "@types/node": "^14.0.1",
      "awesome-typescript-loader": "^5.2.1",
      "concurrently": "^5.2.0",
      "graphql-tag": "^2.10.3",
      "jest": "^26.2.1",
      "knex-cleaner": "^1.3.1",
      "nodemon": "^2.0.4",
      "ts-jest": "^26.1.1",
      "ts-node": "^8.10.1",
      "typescript": "^3.9.2",
      "webpack": "^4.43.0",
      "webpack-cli": "^3.3.11",
      "webpack-node-externals": "^1.7.2"
    }
  }

yarn manifest: 
  No manifest

Lockfile: 
  No lockfile
